2025-08-15 20:21:43,952 - INFO - Safety validation passed
2025-08-15 20:21:43,955 - INFO - Starting robust scanning loop
2025-08-15 20:21:44,066 - INFO - MOCK TRADE: BTC/USDT:USDT Score: 99
2025-08-15 20:21:44,478 - INFO - MOCK TRADE: ETH/USDT:USDT Score: 88
2025-08-15 20:21:45,342 - INFO - MOCK TRADE: XRP/USDT:USDT Score: 98
2025-08-15 20:21:45,767 - INFO - MOCK TRADE: ADA/USDT:USDT Score: 88
2025-08-15 20:21:46,421 - INFO - MOCK TRADE: LINK/USDT:USDT Score: 90
2025-08-15 20:21:46,836 - INFO - MOCK TRADE: UNI/USDT:USDT Score: 98
2025-08-15 20:21:47,474 - INFO - MOCK TRADE: LTC/USDT:USDT Score: 86
2025-08-15 20:21:58,251 - INFO - MOCK TRADE: BTC/USDT:USDT Score: 87
2025-08-15 20:21:58,669 - INFO - MOCK TRADE: ETH/USDT:USDT Score: 100
2025-08-15 20:21:59,308 - INFO - MOCK TRADE: BNB/USDT:USDT Score: 96
2025-08-15 20:22:00,363 - INFO - MOCK TRADE: LINK/USDT:USDT Score: 98
2025-08-15 20:22:01,218 - INFO - MOCK TRADE: LTC/USDT:USDT Score: 100
2025-08-15 20:22:01,654 - INFO - MOCK TRADE: BCH/USDT:USDT Score: 89
2025-08-15 20:22:12,423 - INFO - MOCK TRADE: ETH/USDT:USDT Score: 99
2025-08-15 20:22:12,854 - INFO - MOCK TRADE: SOL/USDT:USDT Score: 93
2025-08-15 20:22:13,280 - INFO - MOCK TRADE: BNB/USDT:USDT Score: 99
2025-08-15 20:22:13,689 - INFO - MOCK TRADE: XRP/USDT:USDT Score: 90
2025-08-15 20:22:14,318 - INFO - MOCK TRADE: DOT/USDT:USDT Score: 88
2025-08-15 20:22:15,138 - INFO - MOCK TRADE: ATOM/USDT:USDT Score: 100
2025-08-15 20:22:15,548 - INFO - MOCK TRADE: LTC/USDT:USDT Score: 94
2025-08-15 20:22:15,958 - INFO - MOCK TRADE: BCH/USDT:USDT Score: 96
2025-08-15 20:22:26,434 - INFO - MOCK TRADE: BTC/USDT:USDT Score: 95
2025-08-15 20:22:26,844 - INFO - MOCK TRADE: ETH/USDT:USDT Score: 92
2025-08-15 20:22:27,254 - INFO - MOCK TRADE: SOL/USDT:USDT Score: 93
2025-08-15 20:22:27,671 - INFO - MOCK TRADE: BNB/USDT:USDT Score: 91
2025-08-15 20:22:28,289 - INFO - MOCK TRADE: ADA/USDT:USDT Score: 88
2025-08-15 20:22:28,699 - INFO - MOCK TRADE: DOT/USDT:USDT Score: 87
2025-08-15 20:22:29,109 - INFO - MOCK TRADE: LINK/USDT:USDT Score: 87
2025-08-15 20:22:29,519 - INFO - MOCK TRADE: UNI/USDT:USDT Score: 92
2025-08-15 20:22:29,929 - INFO - MOCK TRADE: ATOM/USDT:USDT Score: 92
2025-08-15 20:22:30,830 - INFO - Received signal 2, shutting down gracefully
2025-08-15 20:22:31,658 - INFO - Scanning loop stopped by user
2025-08-15 20:22:31,659 - INFO - Starting cleanup
